<?xml version="1.0" encoding="UTF-8"?><testrun name="TestRunner (1)" project="AudioServiceInterface" tests="10" started="10" failures="4" errors="0" ignored="0">
  <testsuite name="TestRunner.TestRunner" time="19.579">
    <testsuite name="Feature: As a user, I want to add inputs by clicking on the" time="4.075">
      <testsuite name="Scenario Outline: Successful login using valid account" time="4.075">
        <testsuite name="Examples:" time="4.075">
          <testsuite name="| admin | admin |" time="4.075" incomplete="true">
            <failure>
              <expected>https://192.168.1.146:4443/</expected>
              <actual>https://localhost:4443/outputs</actual>org.junit.ComparisonFailure: expected:&lt;https://[192.168.1.146:4443/]&gt; but was:&lt;https://[localhost:4443/outputs]&gt;&#13;
	at org.junit.Assert.assertEquals(Assert.java:115)&#13;
	at org.junit.Assert.assertEquals(Assert.java:144)&#13;
	at StepDefinitions.LoginSteps.i_successfully_login_and_land_on_homepage_displaying_Dashboard_page(LoginSteps.java:66)&#13;
	at ✽.Then I successfully login and land on homepage displaying Dashboard page(Inputsadded.feature:9)&#13;
&#13;
</failure>
            <testcase name="Given I am on the login page" classname="| admin | admin |" time="0.776"/>
            <testcase name="When I type in username admin" classname="| admin | admin |" time="0.621"/>
            <testcase name="And I type password as admin" classname="| admin | admin |" time="1.5"/>
            <testcase name="And click on login button" classname="| admin | admin |" time="1.1"/>
            <testcase name="Then I successfully login and land on homepage displaying Dashboard page" classname="| admin | admin |" time="0.078">
              <failure>
                <expected>https://192.168.1.146:4443/</expected>
                <actual>https://localhost:4443/outputs</actual>org.junit.ComparisonFailure: expected:&lt;https://[192.168.1.146:4443/]&gt; but was:&lt;https://[localhost:4443/outputs]&gt;&#13;
	at org.junit.Assert.assertEquals(Assert.java:115)&#13;
	at org.junit.Assert.assertEquals(Assert.java:144)&#13;
	at StepDefinitions.LoginSteps.i_successfully_login_and_land_on_homepage_displaying_Dashboard_page(LoginSteps.java:66)&#13;
	at ✽.Then I successfully login and land on homepage displaying Dashboard page(Inputsadded.feature:9)&#13;
&#13;
</failure>
            </testcase>
          </testsuite>
        </testsuite>
      </testsuite>
    </testsuite>
    <testsuite name="Feature: As a user, I want to log into ASI software" time="2.514">
      <testsuite name="Scenario Outline: Successful login using valid account" time="2.514">
        <testsuite name="Examples:" time="2.514">
          <testsuite name="| admin | admin |" time="2.514" incomplete="true">
            <failure>
              <expected>https://192.168.1.146:4443/</expected>
              <actual>https://localhost:4443/outputs</actual>org.junit.ComparisonFailure: expected:&lt;https://[192.168.1.146:4443/]&gt; but was:&lt;https://[localhost:4443/outputs]&gt;&#13;
	at org.junit.Assert.assertEquals(Assert.java:115)&#13;
	at org.junit.Assert.assertEquals(Assert.java:144)&#13;
	at StepDefinitions.LoginSteps.i_successfully_login_and_land_on_homepage_displaying_Dashboard_page(LoginSteps.java:66)&#13;
	at ✽.Then I successfully login and land on homepage displaying Dashboard page(Login.feature:9)&#13;
&#13;
</failure>
            <testcase name="Given I am on the login page" classname="| admin | admin |" time="0.834"/>
            <testcase name="When I type in username admin" classname="| admin | admin |" time="0.589"/>
            <testcase name="And I type password as admin" classname="| admin | admin |" time="0.814"/>
            <testcase name="And click on login button" classname="| admin | admin |" time="0.277"/>
            <testcase name="Then I successfully login and land on homepage displaying Dashboard page" classname="| admin | admin |" time="0.0">
              <failure>
                <expected>https://192.168.1.146:4443/</expected>
                <actual>https://localhost:4443/outputs</actual>org.junit.ComparisonFailure: expected:&lt;https://[192.168.1.146:4443/]&gt; but was:&lt;https://[localhost:4443/outputs]&gt;&#13;
	at org.junit.Assert.assertEquals(Assert.java:115)&#13;
	at org.junit.Assert.assertEquals(Assert.java:144)&#13;
	at StepDefinitions.LoginSteps.i_successfully_login_and_land_on_homepage_displaying_Dashboard_page(LoginSteps.java:66)&#13;
	at ✽.Then I successfully login and land on homepage displaying Dashboard page(Login.feature:9)&#13;
&#13;
</failure>
            </testcase>
          </testsuite>
        </testsuite>
      </testsuite>
    </testsuite>
  </testsuite>
</testrun>
