<?xml version="1.0" encoding="UTF-8"?><testrun name="TestRunner" project="AudioServiceInterface" tests="10" started="10" failures="4" errors="0" ignored="0">
  <testsuite name="TestRunner.TestRunner" time="20.397">
    <testsuite name="Feature: As a user, I want to add inputs by clicking on the" time="4.255">
      <testsuite name="Scenario Outline: Successful login using valid account" time="4.255">
        <testsuite name="Examples:" time="4.255">
          <testsuite name="| admin | admin |" time="4.255" incomplete="true">
            <failure>
              <expected>https://192.168.1.94:4443</expected>
              <actual>https://192.168.1.146:4443/</actual>org.junit.ComparisonFailure: expected:&lt;https://192.168.1.[94:4443]&gt; but was:&lt;https://192.168.1.[146:4443/]&gt;&#13;
	at org.junit.Assert.assertEquals(Assert.java:115)&#13;
	at org.junit.Assert.assertEquals(Assert.java:144)&#13;
	at StepDefinitions.LoginSteps.i_successfully_login_and_land_on_homepage_displaying_Dashboard_page(LoginSteps.java:67)&#13;
	at ✽.Then I successfully login and land on homepage displaying Dashboard page(Inputsadded.feature:9)&#13;
&#13;
</failure>
            <testcase name="Given I am on the login page" classname="| admin | admin |" time="1.139"/>
            <testcase name="When I type in username admin" classname="| admin | admin |" time="1.061"/>
            <testcase name="And I type password as admin" classname="| admin | admin |" time="0.989"/>
            <testcase name="And click on login button" classname="| admin | admin |" time="1.06"/>
            <testcase name="Then I successfully login and land on homepage displaying Dashboard page" classname="| admin | admin |" time="0.006">
              <failure>
                <expected>https://192.168.1.94:4443</expected>
                <actual>https://192.168.1.146:4443/</actual>org.junit.ComparisonFailure: expected:&lt;https://192.168.1.[94:4443]&gt; but was:&lt;https://192.168.1.[146:4443/]&gt;&#13;
	at org.junit.Assert.assertEquals(Assert.java:115)&#13;
	at org.junit.Assert.assertEquals(Assert.java:144)&#13;
	at StepDefinitions.LoginSteps.i_successfully_login_and_land_on_homepage_displaying_Dashboard_page(LoginSteps.java:67)&#13;
	at ✽.Then I successfully login and land on homepage displaying Dashboard page(Inputsadded.feature:9)&#13;
&#13;
</failure>
            </testcase>
          </testsuite>
        </testsuite>
      </testsuite>
    </testsuite>
    <testsuite name="Feature: As a user, I want to log into ASI software" time="4.992">
      <testsuite name="Scenario Outline: Successful login using valid account" time="4.992">
        <testsuite name="Examples:" time="4.992">
          <testsuite name="| admin | admin |" time="4.992" incomplete="true">
            <failure>
              <expected>https://192.168.1.94:4443</expected>
              <actual>https://192.168.1.146:4443/</actual>org.junit.ComparisonFailure: expected:&lt;https://192.168.1.[94:4443]&gt; but was:&lt;https://192.168.1.[146:4443/]&gt;&#13;
	at org.junit.Assert.assertEquals(Assert.java:115)&#13;
	at org.junit.Assert.assertEquals(Assert.java:144)&#13;
	at StepDefinitions.LoginSteps.i_successfully_login_and_land_on_homepage_displaying_Dashboard_page(LoginSteps.java:67)&#13;
	at ✽.Then I successfully login and land on homepage displaying Dashboard page(Login.feature:9)&#13;
&#13;
</failure>
            <testcase name="Given I am on the login page" classname="| admin | admin |" time="1.359"/>
            <testcase name="When I type in username admin" classname="| admin | admin |" time="1.115"/>
            <testcase name="And I type password as admin" classname="| admin | admin |" time="1.436"/>
            <testcase name="And click on login button" classname="| admin | admin |" time="1.082"/>
            <testcase name="Then I successfully login and land on homepage displaying Dashboard page" classname="| admin | admin |" time="0.0">
              <failure>
                <expected>https://192.168.1.94:4443</expected>
                <actual>https://192.168.1.146:4443/</actual>org.junit.ComparisonFailure: expected:&lt;https://192.168.1.[94:4443]&gt; but was:&lt;https://192.168.1.[146:4443/]&gt;&#13;
	at org.junit.Assert.assertEquals(Assert.java:115)&#13;
	at org.junit.Assert.assertEquals(Assert.java:144)&#13;
	at StepDefinitions.LoginSteps.i_successfully_login_and_land_on_homepage_displaying_Dashboard_page(LoginSteps.java:67)&#13;
	at ✽.Then I successfully login and land on homepage displaying Dashboard page(Login.feature:9)&#13;
&#13;
</failure>
            </testcase>
          </testsuite>
        </testsuite>
      </testsuite>
    </testsuite>
  </testsuite>
</testrun>
