<?xml version="1.0" encoding="UTF-8"?><testrun name="TestRunner" project="AudioServiceInterface" tests="10" started="10" failures="4" errors="0" ignored="0">
  <testsuite name="TestRunner.TestRunner" time="19.271">
    <testsuite name="Feature: As a user, I want to add inputs by clicking on the" time="3.413">
      <testsuite name="Scenario Outline: Successful login using valid account" time="3.413">
        <testsuite name="Examples:" time="3.413">
          <testsuite name="| admin | admin |" time="3.413" incomplete="true">
            <failure>
              <expected>https://192.168.1.146:4443</expected>
              <actual>https://192.168.1.146:4443/</actual>org.junit.ComparisonFailure: expected:&lt;...//192.168.1.146:4443[]&gt; but was:&lt;...//192.168.1.146:4443[/]&gt;&#13;
	at org.junit.Assert.assertEquals(Assert.java:115)&#13;
	at org.junit.Assert.assertEquals(Assert.java:144)&#13;
	at StepDefinitions.LoginSteps.i_successfully_login_and_land_on_homepage_displaying_Dashboard_page(LoginSteps.java:67)&#13;
	at ✽.Then I successfully login and land on homepage displaying Dashboard page(Inputsadded.feature:9)&#13;
&#13;
</failure>
            <testcase name="Given I am on the login page" classname="| admin | admin |" time="0.868"/>
            <testcase name="When I type in username admin" classname="| admin | admin |" time="0.637"/>
            <testcase name="And I type password as admin" classname="| admin | admin |" time="0.807"/>
            <testcase name="And click on login button" classname="| admin | admin |" time="1.091"/>
            <testcase name="Then I successfully login and land on homepage displaying Dashboard page" classname="| admin | admin |" time="0.009">
              <failure>
                <expected>https://192.168.1.146:4443</expected>
                <actual>https://192.168.1.146:4443/</actual>org.junit.ComparisonFailure: expected:&lt;...//192.168.1.146:4443[]&gt; but was:&lt;...//192.168.1.146:4443[/]&gt;&#13;
	at org.junit.Assert.assertEquals(Assert.java:115)&#13;
	at org.junit.Assert.assertEquals(Assert.java:144)&#13;
	at StepDefinitions.LoginSteps.i_successfully_login_and_land_on_homepage_displaying_Dashboard_page(LoginSteps.java:67)&#13;
	at ✽.Then I successfully login and land on homepage displaying Dashboard page(Inputsadded.feature:9)&#13;
&#13;
</failure>
            </testcase>
          </testsuite>
        </testsuite>
      </testsuite>
    </testsuite>
    <testsuite name="Feature: As a user, I want to log into ASI software" time="3.336">
      <testsuite name="Scenario Outline: Successful login using valid account" time="3.336">
        <testsuite name="Examples:" time="3.336">
          <testsuite name="| admin | admin |" time="3.336" incomplete="true">
            <failure>
              <expected>https://192.168.1.146:4443</expected>
              <actual>https://192.168.1.146:4443/</actual>org.junit.ComparisonFailure: expected:&lt;...//192.168.1.146:4443[]&gt; but was:&lt;...//192.168.1.146:4443[/]&gt;&#13;
	at org.junit.Assert.assertEquals(Assert.java:115)&#13;
	at org.junit.Assert.assertEquals(Assert.java:144)&#13;
	at StepDefinitions.LoginSteps.i_successfully_login_and_land_on_homepage_displaying_Dashboard_page(LoginSteps.java:67)&#13;
	at ✽.Then I successfully login and land on homepage displaying Dashboard page(Login.feature:9)&#13;
&#13;
</failure>
            <testcase name="Given I am on the login page" classname="| admin | admin |" time="0.715"/>
            <testcase name="When I type in username admin" classname="| admin | admin |" time="0.788"/>
            <testcase name="And I type password as admin" classname="| admin | admin |" time="0.778"/>
            <testcase name="And click on login button" classname="| admin | admin |" time="1.055"/>
            <testcase name="Then I successfully login and land on homepage displaying Dashboard page" classname="| admin | admin |" time="0.0">
              <failure>
                <expected>https://192.168.1.146:4443</expected>
                <actual>https://192.168.1.146:4443/</actual>org.junit.ComparisonFailure: expected:&lt;...//192.168.1.146:4443[]&gt; but was:&lt;...//192.168.1.146:4443[/]&gt;&#13;
	at org.junit.Assert.assertEquals(Assert.java:115)&#13;
	at org.junit.Assert.assertEquals(Assert.java:144)&#13;
	at StepDefinitions.LoginSteps.i_successfully_login_and_land_on_homepage_displaying_Dashboard_page(LoginSteps.java:67)&#13;
	at ✽.Then I successfully login and land on homepage displaying Dashboard page(Login.feature:9)&#13;
&#13;
</failure>
            </testcase>
          </testsuite>
        </testsuite>
      </testsuite>
    </testsuite>
  </testsuite>
</testrun>
