<?xml version="1.0" encoding="UTF-8" standalone="no"?>
<testsuite failures="1" name="cucumber.runtime.formatter.JUnitFormatter" skipped="0" tests="1" time="20.355274">
<testcase classname="As a user, I want to log into ASI software" name="Successful login using valid account" time="20.355274">
<failure message="java.lang.AssertionError&#13;&#10;&#9;at org.junit.Assert.fail(Assert.java:86)&#13;&#10;&#9;at org.junit.Assert.assertTrue(Assert.java:41)&#13;&#10;&#9;at org.junit.Assert.assertTrue(Assert.java:52)&#13;&#10;&#9;at StepDefinitions.LoginSteps.i_successfully_login_and_land_on_homepage_displaying_Dashboard_page(LoginSteps.java:63)&#13;&#10;&#9;at ✽.Then I successfully login and land on homepage displaying Dashboard page(Login.feature:9)&#13;&#10;"><![CDATA[Given I am on the login page................................................passed
When I type in username admin...............................................passed
And I type password as .....................................................passed
And click on login button...................................................passed
Then I successfully login and land on homepage displaying Dashboard page....failed

StackTrace:
java.lang.AssertionError
	at org.junit.Assert.fail(Assert.java:86)
	at org.junit.Assert.assertTrue(Assert.java:41)
	at org.junit.Assert.assertTrue(Assert.java:52)
	at StepDefinitions.LoginSteps.i_successfully_login_and_land_on_homepage_displaying_Dashboard_page(LoginSteps.java:63)
	at ✽.Then I successfully login and land on homepage displaying Dashboard page(Login.feature:9)
]]></failure>
</testcase>
</testsuite>
